0 info it worked if it ends with ok
1 verbose cli [ '/usr/local/bin/node', '/usr/local/bin/npm', 'install' ]
2 info using npm@1.1.30
3 info using node@v0.7.12-pre
4 verbose config file /home/thomas/.npmrc
5 verbose config file /usr/local/etc/npmrc
6 verbose config file /usr/local/lib/node_modules/npm/npmrc
7 verbose read json /home/thomas/lajv-node/package.json
8 error install Couldn't read dependencies
9 error Error: ENOENT, open '/home/thomas/lajv-node/package.json'
9 error  { [Error: ENOENT, open '/home/thomas/lajv-node/package.json']
9 error   errno: 34,
9 error   code: 'ENOENT',
9 error   path: '/home/thomas/lajv-node/package.json' }
10 error You may report this log at:
10 error     <http://github.com/isaacs/npm/issues>
10 error or email it to:
10 error     <npm-@googlegroups.com>
11 error System Linux 3.2.0-24-generic
12 error command "/usr/local/bin/node" "/usr/local/bin/npm" "install"
13 error cwd /home/thomas/lajv-node
14 error node -v v0.7.12-pre
15 error npm -v 1.1.30
16 error path /home/thomas/lajv-node/package.json
17 error code ENOENT
18 error message ENOENT, open '/home/thomas/lajv-node/package.json'
19 error errno 34
20 error 34 errno
21 verbose exit [ 34, true ]
