0 info it worked if it ends with ok
1 verbose cli [ '/usr/local/bin/node', '/usr/local/bin/npm', 'run', 'swank' ]
2 info using npm@1.1.30
3 info using node@v0.7.12-pre
4 verbose config file /home/thomas/.npmrc
5 verbose config file /usr/local/etc/npmrc
6 verbose config file /usr/local/lib/node_modules/npm/npmrc
7 verbose read json /home/thomas/lajv-node/src/package.json
8 verbose run-script [ 'preswank', 'swank', 'postswank' ]
9 info preswank lajv-node@0.0.1
10 info swank lajv-node@0.0.1
11 verbose unsafe-perm in lifecycle true
12 silly exec sh "-c" "node node_modules/swank-js"
13 silly sh,-c,node node_modules/swank-js,/home/thomas/lajv-node/src spawning
14 info lajv-node@0.0.1 Failed to exec swank script
15 error lajv-node@0.0.1 swank: `node node_modules/swank-js`
15 error `sh "-c" "node node_modules/swank-js"` failed with 1
16 error Failed at the lajv-node@0.0.1 swank script.
16 error This is most likely a problem with the lajv-node package,
16 error not with npm itself.
16 error Tell the author that this fails on your system:
16 error     node node_modules/swank-js
16 error You can get their info via:
16 error     npm owner ls lajv-node
16 error There is likely additional logging output above.
17 error System Linux 3.2.0-24-generic
18 error command "/usr/local/bin/node" "/usr/local/bin/npm" "run" "swank"
19 error cwd /home/thomas/lajv-node/src
20 error node -v v0.7.12-pre
21 error npm -v 1.1.30
22 error code ELIFECYCLE
23 error message lajv-node@0.0.1 swank: `node node_modules/swank-js`
23 error message `sh "-c" "node node_modules/swank-js"` failed with 1
24 verbose exit [ 1, true ]
